{
  "RSpec": {
    "coverage": {
      "/home/shashank/acima/concora_emulator/app/helpers/application_helper.rb": {
        "lines": [
          null,
          null,
          1,
          null
        ],
        "branches": {
        }
      },
      "/home/shashank/acima/concora_emulator/app/domain/services/add_arguments.rb": {
        "lines": [
          null,
          null,
          1,
          1,
          null,
          1,
          4,
          4,
          null,
          null,
          1,
          4,
          null,
          3,
          null,
          1,
          null,
          null,
          1,
          10,
          null,
          null,
          1,
          4,
          null,
          null,
          1,
          2,
          2,
          null,
          2,
          6,
          6,
          null,
          4,
          4,
          4,
          null,
          null,
          2,
          null,
          null,
          null
        ],
        "branches": {
          "[:if, 0, 12, 6, 12, 38]": {
            "[:then, 1, 12, 6, 12, 14]": 1,
            "[:else, 2, 12, 6, 12, 38]": 3
          },
          "[:if, 3, 14, 6, 14, 106]": {
            "[:then, 4, 14, 6, 14, 84]": 2,
            "[:else, 5, 14, 6, 14, 106]": 1
          },
          "[:while, 6, 31, 6, 38, 9]": {
            "[:body, 7, 32, 8, 37, 35]": 6
          },
          "[:if, 8, 33, 8, 33, 27]": {
            "[:then, 9, 33, 8, 33, 13]": 2,
            "[:else, 10, 33, 8, 33, 27]": 4
          }
        }
      }
    },
    "timestamp": 1720773029
  }
}
